[handleMsg]:  {
  key: {
    remoteJid: '5213328722353@s.whatsapp.net',
    fromMe: false,
    id: '3EB08B419958B2456F8694',
    participant: undefined
  },
  messageTimestamp: 1697081072,
  pushName: 'oliverromero73',
  broadcast: false,
  message: Message {
    extendedTextMessage: ExtendedTextMessage {
      text: 'Hola',
      contextInfo: [ContextInfo],
      inviteLinkGroupTypeV2: 0
    },
    messageContextInfo: MessageContextInfo {
      deviceListMetadata: [DeviceListMetadata],
      deviceListMetadataVersion: 2
    }
  },
  body: 'Hola',
  from: '5213328722353'
}
[handleMsg]:  {
  key: {
    remoteJid: '5213328722353@s.whatsapp.net',
    fromMe: false,
    id: '3EB0F54C1EC56688341E8E',
    participant: undefined
  },
  messageTimestamp: 1697081079,
  pushName: 'oliverromero73',
  broadcast: false,
  message: Message {
    extendedTextMessage: ExtendedTextMessage {
      text: 'Me llamo oliver magaña romero',
      contextInfo: [ContextInfo],
      inviteLinkGroupTypeV2: 0
    },
    messageContextInfo: MessageContextInfo {
      deviceListMetadata: [DeviceListMetadata],
      deviceListMetadataVersion: 2
    }
  },
  body: 'Me llamo oliver magaña romero',
  from: '5213328722353'
}
